[2025-10-09T03:46:00.381Z] [ERROR] Request failed: GET /src/components/ui/progress.tsx {"requestId":"fel6k0xw0","method":"GET","endpoint":"/src/components/ui/progress.tsx","statusCode":429,"responseTime":6}
[2025-10-09T03:46:00.389Z] [ERROR] Request failed: GET /src/components/ui/avatar.tsx {"requestId":"98w4xqgn2","method":"GET","endpoint":"/src/components/ui/avatar.tsx","statusCode":429,"responseTime":2}
[2025-10-09T03:46:00.394Z] [ERROR] Request failed: GET /src/components/SecurityVerification.tsx {"requestId":"i65ujk7ci","method":"GET","endpoint":"/src/components/SecurityVerification.tsx","statusCode":429,"responseTime":2}
[2025-10-09T03:46:00.400Z] [ERROR] Request failed: GET /src/components/SecurityReviews.tsx {"requestId":"vcmydv5g9","method":"GET","endpoint":"/src/components/SecurityReviews.tsx","statusCode":429,"responseTime":2}
[2025-10-09T03:46:00.406Z] [ERROR] Request failed: GET /src/components/FraudDetection.tsx {"requestId":"fc7z1cmt1","method":"GET","endpoint":"/src/components/FraudDetection.tsx","statusCode":429,"responseTime":3}
[2025-10-09T03:46:00.411Z] [ERROR] Request failed: GET /src/utils/currency.ts {"requestId":"u51jimif8","method":"GET","endpoint":"/src/utils/currency.ts","statusCode":429,"responseTime":2}
[2025-10-09T03:46:00.415Z] [ERROR] Request failed: GET /src/components/ui/checkbox.tsx {"requestId":"zg1xwedmp","method":"GET","endpoint":"/src/components/ui/checkbox.tsx","statusCode":429,"responseTime":2}
[2025-10-09T03:46:00.420Z] [ERROR] Request failed: GET /src/components/ui/dropdown-menu.tsx {"requestId":"vjeoeymx2","method":"GET","endpoint":"/src/components/ui/dropdown-menu.tsx","statusCode":429,"responseTime":2}
[2025-10-09T03:46:00.427Z] [ERROR] Request failed: GET /src/components/ReservationBar.tsx {"requestId":"1pcxwj610","method":"GET","endpoint":"/src/components/ReservationBar.tsx","statusCode":429,"responseTime":3}
[2025-10-09T03:46:00.434Z] [ERROR] Request failed: GET /src/components/Footer.tsx {"requestId":"lvzxj6oti","method":"GET","endpoint":"/src/components/Footer.tsx","statusCode":429,"responseTime":2}
[2025-10-09T03:46:00.439Z] [ERROR] Request failed: GET /src/components/ui/tabs.tsx {"requestId":"0d6edmydj","method":"GET","endpoint":"/src/components/ui/tabs.tsx","statusCode":429,"responseTime":2}
[2025-10-09T03:46:00.446Z] [ERROR] Request failed: GET /src/components/ui/switch.tsx {"requestId":"ybw7kjq2m","method":"GET","endpoint":"/src/components/ui/switch.tsx","statusCode":429,"responseTime":3}
[2025-10-09T03:46:00.451Z] [ERROR] Request failed: GET /src/components/ui/textarea.tsx {"requestId":"nc0wwgms9","method":"GET","endpoint":"/src/components/ui/textarea.tsx","statusCode":429,"responseTime":2}
[2025-10-09T03:46:00.456Z] [ERROR] Request failed: GET /src/components/ui/separator.tsx {"requestId":"utnpxfckd","method":"GET","endpoint":"/src/components/ui/separator.tsx","statusCode":429,"responseTime":2}
[2025-10-09T03:46:00.463Z] [ERROR] Request failed: GET /src/utils/carImages.ts {"requestId":"9nkdaj2sg","method":"GET","endpoint":"/src/utils/carImages.ts","statusCode":429,"responseTime":3}
[2025-10-09T03:46:00.468Z] [ERROR] Request failed: GET /src/utils/cardDetector.ts {"requestId":"qemfs4qbr","method":"GET","endpoint":"/src/utils/cardDetector.ts","statusCode":429,"responseTime":2}
[2025-10-09T03:46:00.472Z] [ERROR] Request failed: GET /src/components/BookingReceipt.tsx {"requestId":"edbtww7as","method":"GET","endpoint":"/src/components/BookingReceipt.tsx","statusCode":429,"responseTime":2}
[2025-10-09T03:46:00.477Z] [ERROR] Request failed: GET /src/components/CarCardSimple.tsx {"requestId":"puresx58a","method":"GET","endpoint":"/src/components/CarCardSimple.tsx","statusCode":429,"responseTime":1}
[2025-10-09T03:46:00.483Z] [ERROR] Request failed: GET /src/components/CarsSearchBar.tsx {"requestId":"0holt9mq7","method":"GET","endpoint":"/src/components/CarsSearchBar.tsx","statusCode":429,"responseTime":2}
[2025-10-09T03:46:00.488Z] [ERROR] Request failed: GET /src/components/SMSTestPanel.tsx {"requestId":"swmazx8nh","method":"GET","endpoint":"/src/components/SMSTestPanel.tsx","statusCode":429,"responseTime":2}
[2025-10-09T03:46:00.494Z] [ERROR] Request failed: GET /src/components/ui/sheet.tsx {"requestId":"y836trsi4","method":"GET","endpoint":"/src/components/ui/sheet.tsx","statusCode":429,"responseTime":2}
[2025-10-09T03:46:00.500Z] [ERROR] Request failed: GET /src/components/CarFilterDropdown.tsx {"requestId":"af0kgnkd0","method":"GET","endpoint":"/src/components/CarFilterDropdown.tsx","statusCode":429,"responseTime":3}
[2025-10-09T03:46:00.505Z] [ERROR] Request failed: GET /src/components/ui/scroll-area.tsx {"requestId":"441l4mnxq","method":"GET","endpoint":"/src/components/ui/scroll-area.tsx","statusCode":429,"responseTime":2}
[2025-10-09T03:46:00.510Z] [ERROR] Request failed: GET /src/lib/utils.ts {"requestId":"1e0osdti4","method":"GET","endpoint":"/src/lib/utils.ts","statusCode":429,"responseTime":2}
[2025-10-09T03:46:00.516Z] [ERROR] Request failed: GET /@fs/C:/MAMP/htdocs/Tomobilti/shared/schema.ts {"requestId":"y6ik26fix","method":"GET","endpoint":"/@fs/C:/MAMP/htdocs/Tomobilti/shared/schema.ts","statusCode":429,"responseTime":3}
[2025-10-09T03:46:00.521Z] [ERROR] Request failed: GET /src/components/ImageGallery.tsx {"requestId":"2oql6rzll","method":"GET","endpoint":"/src/components/ImageGallery.tsx","statusCode":429,"responseTime":2}
[2025-10-09T03:46:00.680Z] [ERROR] Request failed: GET /favicon.ico {"requestId":"a8i3kzauy","method":"GET","endpoint":"/favicon.ico","statusCode":429,"responseTime":2}
[2025-10-09T03:46:20.986Z] [ERROR] Request failed: GET / {"requestId":"zlif3v500","method":"GET","endpoint":"/","statusCode":429,"responseTime":4}
[2025-10-09T03:46:21.116Z] [ERROR] Request failed: GET /favicon.ico {"requestId":"aac2jq0nv","method":"GET","endpoint":"/favicon.ico","statusCode":429,"responseTime":3}
[2025-10-09T03:49:35.171Z] [ERROR] Request failed: GET / {"requestId":"z4i50sh4r","method":"GET","endpoint":"/","statusCode":429,"responseTime":2}
[2025-10-09T03:49:35.212Z] [ERROR] Request failed: GET /favicon.ico {"requestId":"behjeawxj","method":"GET","endpoint":"/favicon.ico","statusCode":429,"responseTime":2}
[2025-10-09T03:49:37.027Z] [ERROR] Request failed: GET / {"requestId":"ngn0n71tu","method":"GET","endpoint":"/","statusCode":429,"responseTime":2}
[2025-10-09T03:49:37.079Z] [ERROR] Request failed: GET /favicon.ico {"requestId":"d5zmrzl27","method":"GET","endpoint":"/favicon.ico","statusCode":429,"responseTime":2}
[2025-10-09T03:50:19.067Z] [ERROR] Request failed: GET / {"requestId":"icrlk1dsi","method":"GET","endpoint":"/","statusCode":429,"responseTime":2}
[2025-10-09T03:50:19.262Z] [ERROR] Request failed: GET /favicon.ico {"requestId":"l0x99wuri","method":"GET","endpoint":"/favicon.ico","statusCode":429,"responseTime":2}
[2025-10-09T03:50:26.657Z] [ERROR] Request failed: GET / {"requestId":"32whb7d3w","method":"GET","endpoint":"/","statusCode":429,"responseTime":2}
[2025-10-09T03:50:26.702Z] [ERROR] Request failed: GET /favicon.ico {"requestId":"ji802egm2","method":"GET","endpoint":"/favicon.ico","statusCode":429,"responseTime":2}
[2025-10-09T03:50:28.832Z] [ERROR] Request failed: GET / {"requestId":"wwp1lf4e3","method":"GET","endpoint":"/","statusCode":429,"responseTime":1}
[2025-10-09T03:50:28.872Z] [ERROR] Request failed: GET /favicon.ico {"requestId":"7dmaj23fl","method":"GET","endpoint":"/favicon.ico","statusCode":429,"responseTime":1}
[2025-10-09T03:50:29.419Z] [ERROR] Request failed: GET / {"requestId":"nt69ncvej","method":"GET","endpoint":"/","statusCode":429,"responseTime":1}
[2025-10-09T03:50:29.451Z] [ERROR] Request failed: GET /favicon.ico {"requestId":"0vtr8r8u8","method":"GET","endpoint":"/favicon.ico","statusCode":429,"responseTime":1}
[2025-10-09T03:50:29.589Z] [ERROR] Request failed: GET / {"requestId":"heyz8829o","method":"GET","endpoint":"/","statusCode":429,"responseTime":1}
[2025-10-09T03:50:29.622Z] [ERROR] Request failed: GET /favicon.ico {"requestId":"bpsz00pve","method":"GET","endpoint":"/favicon.ico","statusCode":429,"responseTime":1}
[2025-10-09T03:50:29.755Z] [ERROR] Request failed: GET / {"requestId":"0uytav5dn","method":"GET","endpoint":"/","statusCode":429,"responseTime":2}
[2025-10-09T03:50:29.791Z] [ERROR] Request failed: GET /favicon.ico {"requestId":"2ey9jx5in","method":"GET","endpoint":"/favicon.ico","statusCode":429,"responseTime":2}
[2025-10-09T03:50:29.916Z] [ERROR] Request failed: GET / {"requestId":"ycaob20hh","method":"GET","endpoint":"/","statusCode":429,"responseTime":1}
[2025-10-09T03:50:29.957Z] [ERROR] Request failed: GET /favicon.ico {"requestId":"152alxj82","method":"GET","endpoint":"/favicon.ico","statusCode":429,"responseTime":2}
[2025-10-09T03:50:30.087Z] [ERROR] Request failed: GET / {"requestId":"xr1n2qo5b","method":"GET","endpoint":"/","statusCode":429,"responseTime":1}
[2025-10-09T03:50:30.125Z] [ERROR] Request failed: GET /favicon.ico {"requestId":"up2gjbds2","method":"GET","endpoint":"/favicon.ico","statusCode":429,"responseTime":1}
[2025-10-09T03:50:30.249Z] [ERROR] Request failed: GET / {"requestId":"hmgovqijy","method":"GET","endpoint":"/","statusCode":429,"responseTime":2}
[2025-10-09T03:50:30.286Z] [ERROR] Request failed: GET /favicon.ico {"requestId":"vh385w3km","method":"GET","endpoint":"/favicon.ico","statusCode":429,"responseTime":1}
[2025-10-09T03:50:30.394Z] [ERROR] Request failed: GET / {"requestId":"ai9jpabyf","method":"GET","endpoint":"/","statusCode":429,"responseTime":2}
[2025-10-09T03:50:30.430Z] [ERROR] Request failed: GET /favicon.ico {"requestId":"4mf7emji9","method":"GET","endpoint":"/favicon.ico","statusCode":429,"responseTime":1}
