[2025-10-16T10:14:08.500Z] [ERROR] Request failed: GET / {"requestId":"y3xu8rug1","method":"GET","endpoint":"/","statusCode":404,"responseTime":22}
[2025-10-16T10:14:08.691Z] [ERROR] Request failed: GET /favicon.ico {"requestId":"f6z7wjy5n","method":"GET","endpoint":"/favicon.ico","statusCode":404,"responseTime":10}
[2025-10-16T10:14:10.847Z] [ERROR] Request failed: GET / {"requestId":"zkm66tm9f","method":"GET","endpoint":"/","statusCode":404,"responseTime":4}
[2025-10-16T10:14:13.575Z] [ERROR] Request failed: GET /.well-known/appspecific/com.chrome.devtools.json {"requestId":"v3gl7i6yg","method":"GET","endpoint":"/.well-known/appspecific/com.chrome.devtools.json","statusCode":404,"responseTime":7}
[2025-10-16T10:18:08.238Z] [ERROR] Request failed: GET / {"requestId":"4a809f7zh","method":"GET","endpoint":"/","statusCode":404,"responseTime":14}
[2025-10-16T10:20:24.996Z] [ERROR] Request failed: GET / {"requestId":"syqprbuo3","method":"GET","endpoint":"/","statusCode":404,"responseTime":3}
[2025-10-16T10:20:26.262Z] [ERROR] Request failed: GET / {"requestId":"bv6sqndcn","method":"GET","endpoint":"/","statusCode":404,"responseTime":1}
[2025-10-16T10:20:27.057Z] [ERROR] Request failed: GET / {"requestId":"l8urmcz7t","method":"GET","endpoint":"/","statusCode":404,"responseTime":3}
[2025-10-16T10:20:27.223Z] [ERROR] Request failed: GET / {"requestId":"6gsn2j2pv","method":"GET","endpoint":"/","statusCode":404,"responseTime":8}
[2025-10-16T10:20:27.470Z] [ERROR] Request failed: GET / {"requestId":"btuj9eci5","method":"GET","endpoint":"/","statusCode":404,"responseTime":17}
[2025-10-16T10:20:37.659Z] [ERROR] Request failed: GET / {"requestId":"28rocr574","method":"GET","endpoint":"/","statusCode":404,"responseTime":2}
[2025-10-16T10:20:37.713Z] [ERROR] Request failed: GET /.well-known/appspecific/com.chrome.devtools.json {"requestId":"i9u8cq41d","method":"GET","endpoint":"/.well-known/appspecific/com.chrome.devtools.json","statusCode":404,"responseTime":1}
[2025-10-16T10:21:40.998Z] [ERROR] Request failed: GET / {"requestId":"dl7jvm91a","method":"GET","endpoint":"/","statusCode":404,"responseTime":4}
[2025-10-16T10:21:41.034Z] [ERROR] Request failed: GET /.well-known/appspecific/com.chrome.devtools.json {"requestId":"1h23c90ws","method":"GET","endpoint":"/.well-known/appspecific/com.chrome.devtools.json","statusCode":404,"responseTime":3}
[2025-10-16T10:21:44.059Z] [ERROR] Request failed: GET / {"requestId":"0w2ukgvbw","method":"GET","endpoint":"/","statusCode":404,"responseTime":2}
[2025-10-16T10:21:44.095Z] [ERROR] Request failed: GET /.well-known/appspecific/com.chrome.devtools.json {"requestId":"vvssgcgpr","method":"GET","endpoint":"/.well-known/appspecific/com.chrome.devtools.json","statusCode":404,"responseTime":2}
[2025-10-16T10:21:45.413Z] [ERROR] Request failed: GET / {"requestId":"fr7s8d6if","method":"GET","endpoint":"/","statusCode":404,"responseTime":2}
[2025-10-16T10:21:45.453Z] [ERROR] Request failed: GET /.well-known/appspecific/com.chrome.devtools.json {"requestId":"nk2uaw7ux","method":"GET","endpoint":"/.well-known/appspecific/com.chrome.devtools.json","statusCode":404,"responseTime":1}
[2025-10-16T10:21:46.428Z] [ERROR] Request failed: GET / {"requestId":"sw9dlkrsj","method":"GET","endpoint":"/","statusCode":404,"responseTime":2}
[2025-10-16T10:21:46.458Z] [ERROR] Request failed: GET /.well-known/appspecific/com.chrome.devtools.json {"requestId":"3ux4yaqyu","method":"GET","endpoint":"/.well-known/appspecific/com.chrome.devtools.json","statusCode":404,"responseTime":2}
