[2025-10-11T15:43:33.275Z] [ERROR] Request failed: GET /src/components/LoadingSpinner.tsx {"requestId":"xy3yrvh4v","method":"GET","endpoint":"/src/components/LoadingSpinner.tsx","statusCode":429,"responseTime":5}
[2025-10-11T15:43:33.285Z] [ERROR] Request failed: GET /src/components/ui/badge.tsx {"requestId":"izlcsl14p","method":"GET","endpoint":"/src/components/ui/badge.tsx","statusCode":429,"responseTime":4}
[2025-10-11T15:43:33.291Z] [ERROR] Request failed: GET /src/components/Hero.tsx {"requestId":"8umnem66l","method":"GET","endpoint":"/src/components/Hero.tsx","statusCode":429,"responseTime":3}
[2025-10-11T15:43:33.296Z] [ERROR] Request failed: GET /src/components/CarCard.tsx {"requestId":"1sxigawvm","method":"GET","endpoint":"/src/components/CarCard.tsx","statusCode":429,"responseTime":2}
[2025-10-11T15:43:33.302Z] [ERROR] Request failed: GET /src/hooks/useScrollAnimation.ts {"requestId":"eyk4anad4","method":"GET","endpoint":"/src/hooks/useScrollAnimation.ts","statusCode":429,"responseTime":3}
[2025-10-11T15:43:33.306Z] [ERROR] Request failed: GET /src/components/Footer.tsx {"requestId":"v1hmt8b4r","method":"GET","endpoint":"/src/components/Footer.tsx","statusCode":429,"responseTime":2}
[2025-10-11T15:43:33.310Z] [ERROR] Request failed: GET /src/components/OwnerDashboard.tsx {"requestId":"aktr29ve8","method":"GET","endpoint":"/src/components/OwnerDashboard.tsx","statusCode":429,"responseTime":1}
[2025-10-11T15:43:33.316Z] [ERROR] Request failed: GET /src/utils/ukPhone.ts {"requestId":"xdsr76e6m","method":"GET","endpoint":"/src/utils/ukPhone.ts","statusCode":429,"responseTime":2}
[2025-10-11T15:43:33.320Z] [ERROR] Request failed: GET /src/components/ui/select.tsx {"requestId":"p8yu2wtcl","method":"GET","endpoint":"/src/components/ui/select.tsx","statusCode":429,"responseTime":1}
[2025-10-11T15:43:33.326Z] [ERROR] Request failed: GET /src/components/LocationPicker.tsx {"requestId":"xln0aunap","method":"GET","endpoint":"/src/components/LocationPicker.tsx","statusCode":429,"responseTime":3}
[2025-10-11T15:43:33.331Z] [ERROR] Request failed: GET /src/components/ui/tabs.tsx {"requestId":"j3pvffo4k","method":"GET","endpoint":"/src/components/ui/tabs.tsx","statusCode":429,"responseTime":2}
[2025-10-11T15:43:33.336Z] [ERROR] Request failed: GET /src/components/ui/progress.tsx {"requestId":"u8xj9qv94","method":"GET","endpoint":"/src/components/ui/progress.tsx","statusCode":429,"responseTime":3}
[2025-10-11T15:43:33.341Z] [ERROR] Request failed: GET /src/components/SecurityReviews.tsx {"requestId":"jwoxdrt98","method":"GET","endpoint":"/src/components/SecurityReviews.tsx","statusCode":429,"responseTime":2}
[2025-10-11T15:43:33.347Z] [ERROR] Request failed: GET /src/components/SecurityVerification.tsx {"requestId":"gvcqjnkif","method":"GET","endpoint":"/src/components/SecurityVerification.tsx","statusCode":429,"responseTime":3}
[2025-10-11T15:43:33.352Z] [ERROR] Request failed: GET /src/components/FraudDetection.tsx {"requestId":"e5s455zgu","method":"GET","endpoint":"/src/components/FraudDetection.tsx","statusCode":429,"responseTime":2}
[2025-10-11T15:43:33.356Z] [ERROR] Request failed: GET /src/components/ui/avatar.tsx {"requestId":"8bda0znqk","method":"GET","endpoint":"/src/components/ui/avatar.tsx","statusCode":429,"responseTime":2}
[2025-10-11T15:43:33.361Z] [ERROR] Request failed: GET /src/components/ReservationBar.tsx {"requestId":"optqo6rk5","method":"GET","endpoint":"/src/components/ReservationBar.tsx","statusCode":429,"responseTime":2}
[2025-10-11T15:43:33.366Z] [ERROR] Request failed: GET /src/utils/carImages.ts {"requestId":"a0owlka7m","method":"GET","endpoint":"/src/utils/carImages.ts","statusCode":429,"responseTime":2}
[2025-10-11T15:43:33.370Z] [ERROR] Request failed: GET /src/components/ui/dropdown-menu.tsx {"requestId":"pai0kpwtq","method":"GET","endpoint":"/src/components/ui/dropdown-menu.tsx","statusCode":429,"responseTime":1}
[2025-10-11T15:43:33.376Z] [ERROR] Request failed: GET /src/components/ui/textarea.tsx {"requestId":"978litumr","method":"GET","endpoint":"/src/components/ui/textarea.tsx","statusCode":429,"responseTime":2}
[2025-10-11T15:43:33.382Z] [ERROR] Request failed: GET /src/utils/currency.ts {"requestId":"tva9ekvl3","method":"GET","endpoint":"/src/utils/currency.ts","statusCode":429,"responseTime":2}
[2025-10-11T15:43:33.387Z] [ERROR] Request failed: GET /src/components/ui/switch.tsx {"requestId":"cqah9c024","method":"GET","endpoint":"/src/components/ui/switch.tsx","statusCode":429,"responseTime":2}
[2025-10-11T15:43:33.391Z] [ERROR] Request failed: GET /src/components/ui/separator.tsx {"requestId":"4mf2smn64","method":"GET","endpoint":"/src/components/ui/separator.tsx","statusCode":429,"responseTime":2}
[2025-10-11T15:43:33.396Z] [ERROR] Request failed: GET /src/utils/cardDetector.ts {"requestId":"qwnbgc6ft","method":"GET","endpoint":"/src/utils/cardDetector.ts","statusCode":429,"responseTime":1}
[2025-10-11T15:43:33.401Z] [ERROR] Request failed: GET /src/components/BookingReceipt.tsx {"requestId":"um6nqzyyo","method":"GET","endpoint":"/src/components/BookingReceipt.tsx","statusCode":429,"responseTime":2}
[2025-10-11T15:43:33.405Z] [ERROR] Request failed: GET /src/components/CarsSearchBar.tsx {"requestId":"cby0rk7cx","method":"GET","endpoint":"/src/components/CarsSearchBar.tsx","statusCode":429,"responseTime":2}
[2025-10-11T15:43:33.409Z] [ERROR] Request failed: GET /src/components/CarCardSimple.tsx {"requestId":"ci0a5nmpd","method":"GET","endpoint":"/src/components/CarCardSimple.tsx","statusCode":429,"responseTime":2}
[2025-10-11T15:43:33.415Z] [ERROR] Request failed: GET /src/components/SMSTestPanel.tsx {"requestId":"7oxsgcr0h","method":"GET","endpoint":"/src/components/SMSTestPanel.tsx","statusCode":429,"responseTime":3}
[2025-10-11T15:43:33.419Z] [ERROR] Request failed: GET /src/components/ui/checkbox.tsx {"requestId":"gc6v71qfk","method":"GET","endpoint":"/src/components/ui/checkbox.tsx","statusCode":429,"responseTime":2}
[2025-10-11T15:43:33.425Z] [ERROR] Request failed: GET /@fs/C:/MAMP/htdocs/Tomobilti/node_modules/.vite/deps/react-dom.js {"requestId":"g6zm7ld4q","method":"GET","endpoint":"/@fs/C:/MAMP/htdocs/Tomobilti/node_modules/.vite/deps/react-dom.js","statusCode":429,"responseTime":2}
[2025-10-11T15:43:33.432Z] [ERROR] Request failed: GET /src/components/ui/sheet.tsx {"requestId":"vx8lgb7hx","method":"GET","endpoint":"/src/components/ui/sheet.tsx","statusCode":429,"responseTime":3}
[2025-10-11T15:43:33.438Z] [ERROR] Request failed: GET /src/components/CarFilterDropdown.tsx {"requestId":"9qlm8z9yo","method":"GET","endpoint":"/src/components/CarFilterDropdown.tsx","statusCode":429,"responseTime":2}
[2025-10-11T15:43:33.443Z] [ERROR] Request failed: GET /src/components/ui/scroll-area.tsx {"requestId":"ar3o0qwvk","method":"GET","endpoint":"/src/components/ui/scroll-area.tsx","statusCode":429,"responseTime":1}
[2025-10-11T15:43:33.450Z] [ERROR] Request failed: GET /@fs/C:/MAMP/htdocs/Tomobilti/node_modules/.vite/deps/socket__io-client.js {"requestId":"75d98z1cp","method":"GET","endpoint":"/@fs/C:/MAMP/htdocs/Tomobilti/node_modules/.vite/deps/socket__io-client.js","statusCode":429,"responseTime":3}
[2025-10-11T15:43:33.457Z] [ERROR] Request failed: GET /@fs/C:/MAMP/htdocs/Tomobilti/shared/schema.ts {"requestId":"rauhehdks","method":"GET","endpoint":"/@fs/C:/MAMP/htdocs/Tomobilti/shared/schema.ts","statusCode":429,"responseTime":2}
[2025-10-11T15:43:33.463Z] [ERROR] Request failed: GET /@fs/C:/MAMP/htdocs/Tomobilti/node_modules/.vite/deps/@radix-ui_react-toast.js {"requestId":"rupqc8163","method":"GET","endpoint":"/@fs/C:/MAMP/htdocs/Tomobilti/node_modules/.vite/deps/@radix-ui_react-toast.js","statusCode":429,"responseTime":3}
[2025-10-11T15:43:33.471Z] [ERROR] Request failed: GET /@fs/C:/MAMP/htdocs/Tomobilti/node_modules/.vite/deps/class-variance-authority.js {"requestId":"u9o8kkcdp","method":"GET","endpoint":"/@fs/C:/MAMP/htdocs/Tomobilti/node_modules/.vite/deps/class-variance-authority.js","statusCode":429,"responseTime":2}
[2025-10-11T15:43:33.476Z] [ERROR] Request failed: GET /src/lib/utils.ts {"requestId":"kb42l8d0x","method":"GET","endpoint":"/src/lib/utils.ts","statusCode":429,"responseTime":1}
[2025-10-11T15:43:33.482Z] [ERROR] Request failed: GET /@fs/C:/MAMP/htdocs/Tomobilti/node_modules/.vite/deps/@radix-ui_react-slot.js {"requestId":"9jfz0waui","method":"GET","endpoint":"/@fs/C:/MAMP/htdocs/Tomobilti/node_modules/.vite/deps/@radix-ui_react-slot.js","statusCode":429,"responseTime":2}
[2025-10-11T15:43:33.489Z] [ERROR] Request failed: GET /@fs/C:/MAMP/htdocs/Tomobilti/node_modules/.vite/deps/@radix-ui_react-label.js {"requestId":"0b5sh7anj","method":"GET","endpoint":"/@fs/C:/MAMP/htdocs/Tomobilti/node_modules/.vite/deps/@radix-ui_react-label.js","statusCode":429,"responseTime":2}
[2025-10-11T15:43:33.495Z] [ERROR] Request failed: GET /favicon.ico {"requestId":"otbml19g8","method":"GET","endpoint":"/favicon.ico","statusCode":429,"responseTime":2}
[2025-10-11T15:43:33.506Z] [ERROR] Request failed: GET /src/components/RenterDashboard.tsx {"requestId":"326ulkh4o","method":"GET","endpoint":"/src/components/RenterDashboard.tsx","statusCode":429,"responseTime":2}
[2025-10-11T15:43:48.109Z] [ERROR] Request failed: GET / {"requestId":"jxg1jic2j","method":"GET","endpoint":"/","statusCode":429,"responseTime":1}
[2025-10-11T15:43:48.161Z] [ERROR] Request failed: GET /favicon.ico {"requestId":"8p9zgeo0o","method":"GET","endpoint":"/favicon.ico","statusCode":429,"responseTime":1}
[2025-10-11T15:43:50.218Z] [ERROR] Request failed: GET / {"requestId":"inoigfk09","method":"GET","endpoint":"/","statusCode":429,"responseTime":1}
[2025-10-11T15:43:50.255Z] [ERROR] Request failed: GET /favicon.ico {"requestId":"oth2mgiu8","method":"GET","endpoint":"/favicon.ico","statusCode":429,"responseTime":2}
[2025-10-11T15:43:51.057Z] [ERROR] Request failed: GET / {"requestId":"aqnhob57q","method":"GET","endpoint":"/","statusCode":429,"responseTime":1}
[2025-10-11T15:43:51.095Z] [ERROR] Request failed: GET /favicon.ico {"requestId":"nh3w6tsus","method":"GET","endpoint":"/favicon.ico","statusCode":429,"responseTime":1}
[2025-10-11T15:43:51.255Z] [ERROR] Request failed: GET / {"requestId":"viz1mq8m8","method":"GET","endpoint":"/","statusCode":429,"responseTime":1}
[2025-10-11T15:43:51.290Z] [ERROR] Request failed: GET /favicon.ico {"requestId":"bblxtxyqt","method":"GET","endpoint":"/favicon.ico","statusCode":429,"responseTime":1}
[2025-10-11T15:43:51.459Z] [ERROR] Request failed: GET / {"requestId":"6q3clk1wa","method":"GET","endpoint":"/","statusCode":429,"responseTime":1}
[2025-10-11T15:43:51.503Z] [ERROR] Request failed: GET /favicon.ico {"requestId":"gauem84c8","method":"GET","endpoint":"/favicon.ico","statusCode":429,"responseTime":3}
[2025-10-11T15:43:51.656Z] [ERROR] Request failed: GET / {"requestId":"t0twz1mne","method":"GET","endpoint":"/","statusCode":429,"responseTime":1}
[2025-10-11T15:43:51.694Z] [ERROR] Request failed: GET /favicon.ico {"requestId":"rzsz8dv3e","method":"GET","endpoint":"/favicon.ico","statusCode":429,"responseTime":1}
[2025-10-11T15:43:51.873Z] [ERROR] Request failed: GET / {"requestId":"hc6nvmaqm","method":"GET","endpoint":"/","statusCode":429,"responseTime":2}
[2025-10-11T15:43:51.923Z] [ERROR] Request failed: GET /favicon.ico {"requestId":"5iel4w5t3","method":"GET","endpoint":"/favicon.ico","statusCode":429,"responseTime":2}
[2025-10-11T15:43:52.087Z] [ERROR] Request failed: GET / {"requestId":"tjxvi530h","method":"GET","endpoint":"/","statusCode":429,"responseTime":1}
[2025-10-11T15:43:52.131Z] [ERROR] Request failed: GET /favicon.ico {"requestId":"7zqp5sjfw","method":"GET","endpoint":"/favicon.ico","statusCode":429,"responseTime":1}
[2025-10-11T15:43:52.309Z] [ERROR] Request failed: GET / {"requestId":"w4xeix7rx","method":"GET","endpoint":"/","statusCode":429,"responseTime":2}
[2025-10-11T15:43:52.354Z] [ERROR] Request failed: GET /favicon.ico {"requestId":"3k4h8j9sg","method":"GET","endpoint":"/favicon.ico","statusCode":429,"responseTime":2}
[2025-10-11T15:44:00.955Z] [ERROR] Request failed: GET /.well-known/appspecific/com.chrome.devtools.json {"requestId":"jc13p5smv","method":"GET","endpoint":"/.well-known/appspecific/com.chrome.devtools.json","statusCode":429,"responseTime":2}
[2025-10-11T15:44:30.846Z] [ERROR] Request failed: GET / {"requestId":"2x485nf2z","method":"GET","endpoint":"/","statusCode":429,"responseTime":1}
[2025-10-11T15:44:30.870Z] [ERROR] Request failed: GET /.well-known/appspecific/com.chrome.devtools.json {"requestId":"ot6r8eqec","method":"GET","endpoint":"/.well-known/appspecific/com.chrome.devtools.json","statusCode":429,"responseTime":3}
[2025-10-11T15:44:30.991Z] [ERROR] Request failed: GET /favicon.ico {"requestId":"orbha5wky","method":"GET","endpoint":"/favicon.ico","statusCode":429,"responseTime":2}
[2025-10-11T15:45:57.219Z] [ERROR] Request failed: GET / {"requestId":"6z65drppf","method":"GET","endpoint":"/","statusCode":429,"responseTime":2}
[2025-10-11T15:45:57.235Z] [ERROR] Request failed: GET /.well-known/appspecific/com.chrome.devtools.json {"requestId":"nvosgnt5b","method":"GET","endpoint":"/.well-known/appspecific/com.chrome.devtools.json","statusCode":429,"responseTime":2}
[2025-10-11T15:45:57.367Z] [ERROR] Request failed: GET /favicon.ico {"requestId":"goqli4pa6","method":"GET","endpoint":"/favicon.ico","statusCode":429,"responseTime":2}
[2025-10-11T15:45:58.312Z] [ERROR] Request failed: GET / {"requestId":"hevg1pgs7","method":"GET","endpoint":"/","statusCode":429,"responseTime":2}
[2025-10-11T15:45:58.326Z] [ERROR] Request failed: GET /.well-known/appspecific/com.chrome.devtools.json {"requestId":"cca5ov7i7","method":"GET","endpoint":"/.well-known/appspecific/com.chrome.devtools.json","statusCode":429,"responseTime":2}
[2025-10-11T15:45:58.443Z] [ERROR] Request failed: GET /favicon.ico {"requestId":"n1vtz7akr","method":"GET","endpoint":"/favicon.ico","statusCode":429,"responseTime":2}
[2025-10-11T15:45:58.992Z] [ERROR] Request failed: GET / {"requestId":"ncusrlk7v","method":"GET","endpoint":"/","statusCode":429,"responseTime":2}
[2025-10-11T15:45:59.012Z] [ERROR] Request failed: GET /.well-known/appspecific/com.chrome.devtools.json {"requestId":"id29lly78","method":"GET","endpoint":"/.well-known/appspecific/com.chrome.devtools.json","statusCode":429,"responseTime":2}
[2025-10-11T15:45:59.138Z] [ERROR] Request failed: GET /favicon.ico {"requestId":"yd2mfe94v","method":"GET","endpoint":"/favicon.ico","statusCode":429,"responseTime":2}
[2025-10-11T15:45:59.253Z] [ERROR] Request failed: GET / {"requestId":"kx5fofpig","method":"GET","endpoint":"/","statusCode":429,"responseTime":1}
[2025-10-11T15:45:59.273Z] [ERROR] Request failed: GET /.well-known/appspecific/com.chrome.devtools.json {"requestId":"xzpng5ksd","method":"GET","endpoint":"/.well-known/appspecific/com.chrome.devtools.json","statusCode":429,"responseTime":2}
[2025-10-11T15:45:59.392Z] [ERROR] Request failed: GET /favicon.ico {"requestId":"gb8dlbmz4","method":"GET","endpoint":"/favicon.ico","statusCode":429,"responseTime":3}
[2025-10-11T15:46:04.633Z] [ERROR] Request failed: GET / {"requestId":"4znfxdn15","method":"GET","endpoint":"/","statusCode":429,"responseTime":2}
[2025-10-11T15:46:04.678Z] [ERROR] Request failed: GET /.well-known/appspecific/com.chrome.devtools.json {"requestId":"g5wrdh1ej","method":"GET","endpoint":"/.well-known/appspecific/com.chrome.devtools.json","statusCode":429,"responseTime":2}
[2025-10-11T15:46:04.779Z] [ERROR] Request failed: GET /favicon.ico {"requestId":"7u4m9cjo7","method":"GET","endpoint":"/favicon.ico","statusCode":429,"responseTime":2}
[2025-10-11T18:02:16.490Z] [ERROR] Request failed: GET /src/components/ui/input.tsx {"requestId":"zoovrwbo3","method":"GET","endpoint":"/src/components/ui/input.tsx","statusCode":429,"responseTime":3}
[2025-10-11T18:02:16.502Z] [ERROR] Request failed: GET /src/components/ui/card.tsx {"requestId":"uv1b091oc","method":"GET","endpoint":"/src/components/ui/card.tsx","statusCode":429,"responseTime":3}
[2025-10-11T18:02:16.509Z] [ERROR] Request failed: GET /src/components/ui/badge.tsx {"requestId":"uphlq00ko","method":"GET","endpoint":"/src/components/ui/badge.tsx","statusCode":429,"responseTime":3}
[2025-10-11T18:02:16.518Z] [ERROR] Request failed: GET /src/components/Hero.tsx {"requestId":"e9ee4no6f","method":"GET","endpoint":"/src/components/Hero.tsx","statusCode":429,"responseTime":3}
[2025-10-11T18:02:16.526Z] [ERROR] Request failed: GET /src/components/CarCard.tsx {"requestId":"cant15j5y","method":"GET","endpoint":"/src/components/CarCard.tsx","statusCode":429,"responseTime":4}
[2025-10-11T18:02:16.532Z] [ERROR] Request failed: GET /src/hooks/useScrollAnimation.ts {"requestId":"jyczsqzse","method":"GET","endpoint":"/src/hooks/useScrollAnimation.ts","statusCode":429,"responseTime":3}
[2025-10-11T18:02:16.541Z] [ERROR] Request failed: GET /src/components/ui/alert.tsx {"requestId":"r4mvlh3au","method":"GET","endpoint":"/src/components/ui/alert.tsx","statusCode":429,"responseTime":3}
[2025-10-11T18:02:16.549Z] [ERROR] Request failed: GET /src/components/ui/label.tsx {"requestId":"tys3swzpd","method":"GET","endpoint":"/src/components/ui/label.tsx","statusCode":429,"responseTime":2}
[2025-10-11T18:02:16.558Z] [ERROR] Request failed: GET /src/components/SocialLoginButtons.tsx {"requestId":"bqtowreot","method":"GET","endpoint":"/src/components/SocialLoginButtons.tsx","statusCode":429,"responseTime":4}
[2025-10-11T18:02:16.565Z] [ERROR] Request failed: GET /src/components/LoadingSpinner.tsx {"requestId":"u5bo41n1c","method":"GET","endpoint":"/src/components/LoadingSpinner.tsx","statusCode":429,"responseTime":2}
[2025-10-11T18:02:16.576Z] [ERROR] Request failed: GET /src/utils/ukPhone.ts {"requestId":"g5wy11qi2","method":"GET","endpoint":"/src/utils/ukPhone.ts","statusCode":429,"responseTime":4}
[2025-10-11T18:02:16.583Z] [ERROR] Request failed: GET /src/components/ui/select.tsx {"requestId":"87j8nea01","method":"GET","endpoint":"/src/components/ui/select.tsx","statusCode":429,"responseTime":3}
[2025-10-11T18:02:16.591Z] [ERROR] Request failed: GET /src/components/LocationPicker.tsx {"requestId":"czzpw6dn8","method":"GET","endpoint":"/src/components/LocationPicker.tsx","statusCode":429,"responseTime":3}
[2025-10-11T18:02:16.595Z] [ERROR] Request failed: GET /src/components/ui/avatar.tsx {"requestId":"qj27esq3h","method":"GET","endpoint":"/src/components/ui/avatar.tsx","statusCode":429,"responseTime":1}
[2025-10-11T18:02:16.603Z] [ERROR] Request failed: GET /src/components/ui/dropdown-menu.tsx {"requestId":"c36ugyv6o","method":"GET","endpoint":"/src/components/ui/dropdown-menu.tsx","statusCode":429,"responseTime":3}
[2025-10-11T18:02:16.880Z] [ERROR] Request failed: GET /src/components/ReservationBar.tsx {"requestId":"zq8y77f1w","method":"GET","endpoint":"/src/components/ReservationBar.tsx","statusCode":429,"responseTime":2}
[2025-10-11T18:02:16.888Z] [ERROR] Request failed: GET /src/utils/carImages.ts {"requestId":"c4wsiyeks","method":"GET","endpoint":"/src/utils/carImages.ts","statusCode":429,"responseTime":3}
[2025-10-11T18:02:16.894Z] [ERROR] Request failed: GET /src/components/OwnerDashboard.tsx {"requestId":"b4f9ahvvq","method":"GET","endpoint":"/src/components/OwnerDashboard.tsx","statusCode":429,"responseTime":2}
[2025-10-11T18:02:16.900Z] [ERROR] Request failed: GET /src/components/RenterDashboard.tsx {"requestId":"gug3ci20h","method":"GET","endpoint":"/src/components/RenterDashboard.tsx","statusCode":429,"responseTime":2}
[2025-10-11T18:02:16.909Z] [ERROR] Request failed: GET /src/components/ui/textarea.tsx {"requestId":"01upr3za9","method":"GET","endpoint":"/src/components/ui/textarea.tsx","statusCode":429,"responseTime":3}
[2025-10-11T18:02:16.916Z] [ERROR] Request failed: GET /src/components/ui/separator.tsx {"requestId":"ejsrv5n20","method":"GET","endpoint":"/src/components/ui/separator.tsx","statusCode":429,"responseTime":2}
[2025-10-11T18:02:16.924Z] [ERROR] Request failed: GET /src/utils/currency.ts {"requestId":"syf2v77rx","method":"GET","endpoint":"/src/utils/currency.ts","statusCode":429,"responseTime":3}
[2025-10-11T18:02:16.930Z] [ERROR] Request failed: GET /src/utils/cardDetector.ts {"requestId":"nh69fa3bl","method":"GET","endpoint":"/src/utils/cardDetector.ts","statusCode":429,"responseTime":2}
[2025-10-11T18:02:16.938Z] [ERROR] Request failed: GET /src/components/BookingReceipt.tsx {"requestId":"nuqz0dbhn","method":"GET","endpoint":"/src/components/BookingReceipt.tsx","statusCode":429,"responseTime":3}
[2025-10-11T18:02:16.944Z] [ERROR] Request failed: GET /src/components/ui/sheet.tsx {"requestId":"5dh7g062t","method":"GET","endpoint":"/src/components/ui/sheet.tsx","statusCode":429,"responseTime":2}
[2025-10-11T18:02:16.951Z] [ERROR] Request failed: GET /src/components/CarFilterDropdown.tsx {"requestId":"uxrwav1yt","method":"GET","endpoint":"/src/components/CarFilterDropdown.tsx","statusCode":429,"responseTime":2}
[2025-10-11T18:02:16.958Z] [ERROR] Request failed: GET /src/hooks/use-toast.ts {"requestId":"fumazyszw","method":"GET","endpoint":"/src/hooks/use-toast.ts","statusCode":429,"responseTime":2}
[2025-10-11T18:02:16.964Z] [ERROR] Request failed: GET /src/components/ui/toast.tsx {"requestId":"cn5hatmu5","method":"GET","endpoint":"/src/components/ui/toast.tsx","statusCode":429,"responseTime":3}
[2025-10-11T18:02:16.971Z] [ERROR] Request failed: GET /@fs/C:/MAMP/htdocs/Tomobilti/shared/schema.ts {"requestId":"u04b8la8b","method":"GET","endpoint":"/@fs/C:/MAMP/htdocs/Tomobilti/shared/schema.ts","statusCode":429,"responseTime":2}
[2025-10-11T18:02:16.978Z] [ERROR] Request failed: GET /src/lib/utils.ts {"requestId":"kr6p7gwtw","method":"GET","endpoint":"/src/lib/utils.ts","statusCode":429,"responseTime":3}
[2025-10-11T18:02:16.985Z] [ERROR] Request failed: GET /favicon.ico {"requestId":"9ebzyd592","method":"GET","endpoint":"/favicon.ico","statusCode":429,"responseTime":2}
[2025-10-11T18:02:16.992Z] [ERROR] Request failed: GET /src/components/ui/switch.tsx {"requestId":"zovjrwiau","method":"GET","endpoint":"/src/components/ui/switch.tsx","statusCode":429,"responseTime":2}
[2025-10-11T18:02:16.999Z] [ERROR] Request failed: GET /src/components/ui/tabs.tsx {"requestId":"7xeu3mofu","method":"GET","endpoint":"/src/components/ui/tabs.tsx","statusCode":429,"responseTime":3}
[2025-10-11T18:02:28.824Z] [ERROR] Request failed: GET / {"requestId":"viokfd818","method":"GET","endpoint":"/","statusCode":429,"responseTime":2}
[2025-10-11T18:02:28.906Z] [ERROR] Request failed: GET /favicon.ico {"requestId":"dh8ckzvfy","method":"GET","endpoint":"/favicon.ico","statusCode":429,"responseTime":1}
