[2025-10-15T19:50:15.229Z] [ERROR] Request failed: GET /membership-benefits {"requestId":"fsumzpxf0","method":"GET","endpoint":"/membership-benefits","statusCode":404,"responseTime":17}
[2025-10-15T19:50:16.312Z] [ERROR] Request failed: GET /favicon.ico {"requestId":"in8l68ca9","method":"GET","endpoint":"/favicon.ico","statusCode":404,"responseTime":7}
[2025-10-15T19:50:16.811Z] [ERROR] Request failed: GET /membership-benefits {"requestId":"rvojkea07","method":"GET","endpoint":"/membership-benefits","statusCode":404,"responseTime":7}
[2025-10-15T19:50:16.885Z] [ERROR] Request failed: GET /favicon.ico {"requestId":"j183o78hz","method":"GET","endpoint":"/favicon.ico","statusCode":404,"responseTime":3}
[2025-10-15T19:50:17.512Z] [ERROR] Request failed: GET /membership-benefits {"requestId":"y6a6ofisz","method":"GET","endpoint":"/membership-benefits","statusCode":404,"responseTime":6}
[2025-10-15T19:50:17.631Z] [ERROR] Request failed: GET /favicon.ico {"requestId":"kghdbe1tx","method":"GET","endpoint":"/favicon.ico","statusCode":404,"responseTime":5}
[2025-10-15T19:50:17.823Z] [ERROR] Request failed: GET /membership-benefits {"requestId":"3faa3snxn","method":"GET","endpoint":"/membership-benefits","statusCode":404,"responseTime":6}
[2025-10-15T19:50:17.955Z] [ERROR] Request failed: GET /favicon.ico {"requestId":"90wgh3k5s","method":"GET","endpoint":"/favicon.ico","statusCode":404,"responseTime":11}
[2025-10-15T19:50:20.628Z] [ERROR] Request failed: GET /membership-benefits {"requestId":"k02ubs59y","method":"GET","endpoint":"/membership-benefits","statusCode":404,"responseTime":3}
[2025-10-15T19:50:21.387Z] [ERROR] Request failed: GET /membership-benefits {"requestId":"iee03c6ju","method":"GET","endpoint":"/membership-benefits","statusCode":404,"responseTime":3}
[2025-10-15T19:50:21.560Z] [ERROR] Request failed: GET /membership-benefits {"requestId":"nl113hjok","method":"GET","endpoint":"/membership-benefits","statusCode":404,"responseTime":2}
[2025-10-15T19:50:21.791Z] [ERROR] Request failed: GET /membership-benefits {"requestId":"8oejrqldw","method":"GET","endpoint":"/membership-benefits","statusCode":404,"responseTime":1}
[2025-10-15T19:50:24.271Z] [ERROR] Request failed: GET /.well-known/appspecific/com.chrome.devtools.json {"requestId":"n777oo5j3","method":"GET","endpoint":"/.well-known/appspecific/com.chrome.devtools.json","statusCode":404,"responseTime":2}
[2025-10-15T19:50:53.987Z] [ERROR] Request failed: GET /membership-benefits {"requestId":"qj6x9epge","method":"GET","endpoint":"/membership-benefits","statusCode":404,"responseTime":3}
[2025-10-15T19:50:54.026Z] [ERROR] Request failed: GET /.well-known/appspecific/com.chrome.devtools.json {"requestId":"lvfxbvklj","method":"GET","endpoint":"/.well-known/appspecific/com.chrome.devtools.json","statusCode":404,"responseTime":3}
[2025-10-15T19:50:54.124Z] [ERROR] Request failed: GET /favicon.ico {"requestId":"xs1ehir7b","method":"GET","endpoint":"/favicon.ico","statusCode":404,"responseTime":2}
[2025-10-15T19:50:56.881Z] [ERROR] Request failed: GET /membership-benefits {"requestId":"5mnav95xf","method":"GET","endpoint":"/membership-benefits","statusCode":404,"responseTime":2}
[2025-10-15T19:50:56.915Z] [ERROR] Request failed: GET /.well-known/appspecific/com.chrome.devtools.json {"requestId":"g91xq23n0","method":"GET","endpoint":"/.well-known/appspecific/com.chrome.devtools.json","statusCode":404,"responseTime":2}
[2025-10-15T19:50:57.069Z] [ERROR] Request failed: GET /favicon.ico {"requestId":"hnwq5m9hk","method":"GET","endpoint":"/favicon.ico","statusCode":404,"responseTime":3}
[2025-10-15T19:51:09.803Z] [ERROR] Request failed: GET /membership-benefits {"requestId":"7xb9hq540","method":"GET","endpoint":"/membership-benefits","statusCode":404,"responseTime":2}
[2025-10-15T19:51:09.830Z] [ERROR] Request failed: GET /.well-known/appspecific/com.chrome.devtools.json {"requestId":"bp39c5x3j","method":"GET","endpoint":"/.well-known/appspecific/com.chrome.devtools.json","statusCode":404,"responseTime":2}
[2025-10-15T19:51:09.933Z] [ERROR] Request failed: GET /favicon.ico {"requestId":"ob3t4fec1","method":"GET","endpoint":"/favicon.ico","statusCode":404,"responseTime":1}
[2025-10-15T19:51:10.574Z] [ERROR] Request failed: GET /membership-benefits {"requestId":"kbqs3ixac","method":"GET","endpoint":"/membership-benefits","statusCode":404,"responseTime":1}
[2025-10-15T19:51:10.600Z] [ERROR] Request failed: GET /.well-known/appspecific/com.chrome.devtools.json {"requestId":"4ixs6zdl4","method":"GET","endpoint":"/.well-known/appspecific/com.chrome.devtools.json","statusCode":404,"responseTime":3}
[2025-10-15T19:51:10.704Z] [ERROR] Request failed: GET /favicon.ico {"requestId":"u69o3xxqe","method":"GET","endpoint":"/favicon.ico","statusCode":404,"responseTime":3}
[2025-10-15T19:52:13.674Z] [ERROR] Request failed: GET /membership-benefits {"requestId":"f7xafrg2o","method":"GET","endpoint":"/membership-benefits","statusCode":404,"responseTime":2}
[2025-10-15T19:52:13.706Z] [ERROR] Request failed: GET /.well-known/appspecific/com.chrome.devtools.json {"requestId":"55gt84p3s","method":"GET","endpoint":"/.well-known/appspecific/com.chrome.devtools.json","statusCode":404,"responseTime":2}
[2025-10-15T19:52:14.914Z] [ERROR] Request failed: GET /membership-benefits {"requestId":"pjg5kyb1w","method":"GET","endpoint":"/membership-benefits","statusCode":404,"responseTime":3}
[2025-10-15T19:52:14.953Z] [ERROR] Request failed: GET /.well-known/appspecific/com.chrome.devtools.json {"requestId":"dvyfshoga","method":"GET","endpoint":"/.well-known/appspecific/com.chrome.devtools.json","statusCode":404,"responseTime":2}
[2025-10-15T19:55:02.990Z] [ERROR] Request failed: GET /membership-benefits {"requestId":"bymqrnydn","method":"GET","endpoint":"/membership-benefits","statusCode":404,"responseTime":2}
[2025-10-15T19:55:03.077Z] [ERROR] Request failed: GET /favicon.ico {"requestId":"odfc2umez","method":"GET","endpoint":"/favicon.ico","statusCode":404,"responseTime":2}
[2025-10-15T19:56:30.044Z] [ERROR] Request failed: GET /membership-benefits {"requestId":"kggr708ph","method":"GET","endpoint":"/membership-benefits","statusCode":404,"responseTime":2}
[2025-10-15T19:56:30.094Z] [ERROR] Request failed: GET /favicon.ico {"requestId":"hqkj9nh7r","method":"GET","endpoint":"/favicon.ico","statusCode":404,"responseTime":1}
[2025-10-15T19:56:34.057Z] [ERROR] Request failed: GET / {"requestId":"yzrd8ueqq","method":"GET","endpoint":"/","statusCode":404,"responseTime":3}
[2025-10-15T19:56:35.988Z] [ERROR] Request failed: GET / {"requestId":"7yv129l80","method":"GET","endpoint":"/","statusCode":404,"responseTime":2}
[2025-10-15T19:56:36.781Z] [ERROR] Request failed: GET / {"requestId":"o41dpx282","method":"GET","endpoint":"/","statusCode":404,"responseTime":2}
[2025-10-15T19:56:36.985Z] [ERROR] Request failed: GET / {"requestId":"zt8jlm25u","method":"GET","endpoint":"/","statusCode":404,"responseTime":2}
[2025-10-15T19:56:37.170Z] [ERROR] Request failed: GET / {"requestId":"fv2mzdyx1","method":"GET","endpoint":"/","statusCode":404,"responseTime":2}
[2025-10-15T19:56:37.392Z] [ERROR] Request failed: GET / {"requestId":"02qx4m45v","method":"GET","endpoint":"/","statusCode":404,"responseTime":3}
[2025-10-15T19:56:37.850Z] [ERROR] Request failed: GET / {"requestId":"erxt64tgd","method":"GET","endpoint":"/","statusCode":404,"responseTime":1}
[2025-10-15T19:56:38.035Z] [ERROR] Request failed: GET / {"requestId":"m8olrwr1d","method":"GET","endpoint":"/","statusCode":404,"responseTime":2}
[2025-10-15T19:56:38.250Z] [ERROR] Request failed: GET / {"requestId":"igh1dc462","method":"GET","endpoint":"/","statusCode":404,"responseTime":2}
[2025-10-15T19:59:16.187Z] [ERROR] Request failed: GET /membership-benefits {"requestId":"kmefafrmw","method":"GET","endpoint":"/membership-benefits","statusCode":404,"responseTime":4}
[2025-10-15T20:00:15.211Z] [ERROR] Request failed: GET /membership-benefits {"requestId":"xbx3yout2","method":"GET","endpoint":"/membership-benefits","statusCode":404,"responseTime":3}
[2025-10-15T20:00:15.252Z] [ERROR] Request failed: GET /favicon.ico {"requestId":"i415hr9gp","method":"GET","endpoint":"/favicon.ico","statusCode":404,"responseTime":3}
[2025-10-15T20:00:15.765Z] [ERROR] Request failed: GET /membership-benefits {"requestId":"4e34db1o8","method":"GET","endpoint":"/membership-benefits","statusCode":404,"responseTime":5}
[2025-10-15T20:00:15.817Z] [ERROR] Request failed: GET /favicon.ico {"requestId":"r0bwrb07s","method":"GET","endpoint":"/favicon.ico","statusCode":404,"responseTime":3}
[2025-10-15T20:00:57.431Z] [ERROR] Request failed: GET /membership-benefits {"requestId":"nru9ar2up","method":"GET","endpoint":"/membership-benefits","statusCode":404,"responseTime":3}
[2025-10-15T20:01:29.597Z] [ERROR] Request failed: GET / {"requestId":"bbmtfi4ze","method":"GET","endpoint":"/","statusCode":404,"responseTime":2}
[2025-10-15T20:01:53.743Z] [ERROR] Request failed: GET /membership-benefits {"requestId":"rztxx2bkn","method":"GET","endpoint":"/membership-benefits","statusCode":404,"responseTime":2}
[2025-10-15T20:03:57.865Z] [ERROR] Request failed: GET /membership-benefits {"requestId":"a6vour5fz","method":"GET","endpoint":"/membership-benefits","statusCode":404,"responseTime":3}
[2025-10-15T20:04:39.522Z] [ERROR] Request failed: GET /loyalty-program {"requestId":"1o87jgm2z","method":"GET","endpoint":"/loyalty-program","statusCode":404,"responseTime":2}
[2025-10-15T20:04:52.908Z] [ERROR] Request failed: GET / {"requestId":"cpz01uhuv","method":"GET","endpoint":"/","statusCode":404,"responseTime":2}
[2025-10-15T20:05:12.922Z] [ERROR] Request failed: GET / {"requestId":"mlnrjdxza","method":"GET","endpoint":"/","statusCode":404,"responseTime":2}
[2025-10-15T20:05:14.340Z] [ERROR] Request failed: GET / {"requestId":"intepnm3l","method":"GET","endpoint":"/","statusCode":404,"responseTime":2}
[2025-10-15T20:05:16.059Z] [ERROR] Request failed: GET / {"requestId":"985vm0ygq","method":"GET","endpoint":"/","statusCode":404,"responseTime":3}
[2025-10-15T20:05:16.100Z] [ERROR] Request failed: GET /favicon.ico {"requestId":"volnoexee","method":"GET","endpoint":"/favicon.ico","statusCode":404,"responseTime":2}
[2025-10-15T20:05:16.516Z] [ERROR] Request failed: GET / {"requestId":"ezqlpjxrx","method":"GET","endpoint":"/","statusCode":404,"responseTime":2}
[2025-10-15T20:05:16.556Z] [ERROR] Request failed: GET /favicon.ico {"requestId":"x3e7yyw98","method":"GET","endpoint":"/favicon.ico","statusCode":404,"responseTime":2}
[2025-10-15T20:05:16.713Z] [ERROR] Request failed: GET / {"requestId":"9bmzd4yhd","method":"GET","endpoint":"/","statusCode":404,"responseTime":2}
[2025-10-15T20:05:16.751Z] [ERROR] Request failed: GET /favicon.ico {"requestId":"7ri02rh23","method":"GET","endpoint":"/favicon.ico","statusCode":404,"responseTime":1}
[2025-10-15T20:05:17.460Z] [ERROR] Request failed: GET / {"requestId":"yijtdd6qv","method":"GET","endpoint":"/","statusCode":404,"responseTime":3}
[2025-10-15T20:05:17.499Z] [ERROR] Request failed: GET /favicon.ico {"requestId":"gxohqdci3","method":"GET","endpoint":"/favicon.ico","statusCode":404,"responseTime":2}
[2025-10-15T20:05:17.603Z] [ERROR] Request failed: GET / {"requestId":"zw56gai42","method":"GET","endpoint":"/","statusCode":404,"responseTime":2}
[2025-10-15T20:05:17.643Z] [ERROR] Request failed: GET /favicon.ico {"requestId":"ezfrp499m","method":"GET","endpoint":"/favicon.ico","statusCode":404,"responseTime":1}
[2025-10-15T20:05:17.764Z] [ERROR] Request failed: GET / {"requestId":"w5j2vs4z6","method":"GET","endpoint":"/","statusCode":404,"responseTime":2}
[2025-10-15T20:05:17.805Z] [ERROR] Request failed: GET /favicon.ico {"requestId":"ixl1p4zsz","method":"GET","endpoint":"/favicon.ico","statusCode":404,"responseTime":2}
[2025-10-15T20:05:17.931Z] [ERROR] Request failed: GET / {"requestId":"sz6z00c67","method":"GET","endpoint":"/","statusCode":404,"responseTime":2}
[2025-10-15T20:05:17.969Z] [ERROR] Request failed: GET /favicon.ico {"requestId":"867fqmohs","method":"GET","endpoint":"/favicon.ico","statusCode":404,"responseTime":2}
[2025-10-15T20:05:18.083Z] [ERROR] Request failed: GET / {"requestId":"nrm5r0bgr","method":"GET","endpoint":"/","statusCode":404,"responseTime":1}
[2025-10-15T20:05:18.124Z] [ERROR] Request failed: GET /favicon.ico {"requestId":"q4e98j7tw","method":"GET","endpoint":"/favicon.ico","statusCode":404,"responseTime":2}
[2025-10-15T20:05:18.248Z] [ERROR] Request failed: GET / {"requestId":"pw32scx8h","method":"GET","endpoint":"/","statusCode":404,"responseTime":2}
[2025-10-15T20:05:18.287Z] [ERROR] Request failed: GET /favicon.ico {"requestId":"zmnyb04c9","method":"GET","endpoint":"/favicon.ico","statusCode":404,"responseTime":2}
[2025-10-15T20:05:18.392Z] [ERROR] Request failed: GET / {"requestId":"csifyvgc8","method":"GET","endpoint":"/","statusCode":404,"responseTime":2}
[2025-10-15T20:05:18.432Z] [ERROR] Request failed: GET /favicon.ico {"requestId":"afr2tzvrf","method":"GET","endpoint":"/favicon.ico","statusCode":404,"responseTime":2}
[2025-10-15T20:05:18.541Z] [ERROR] Request failed: GET / {"requestId":"x3hj0yptm","method":"GET","endpoint":"/","statusCode":404,"responseTime":1}
[2025-10-15T20:05:18.581Z] [ERROR] Request failed: GET /favicon.ico {"requestId":"26y3qi6k5","method":"GET","endpoint":"/favicon.ico","statusCode":404,"responseTime":2}
[2025-10-15T20:05:18.684Z] [ERROR] Request failed: GET / {"requestId":"gv7ca5r17","method":"GET","endpoint":"/","statusCode":404,"responseTime":2}
[2025-10-15T20:05:18.725Z] [ERROR] Request failed: GET /favicon.ico {"requestId":"gbbf3vwd8","method":"GET","endpoint":"/favicon.ico","statusCode":404,"responseTime":2}
[2025-10-15T20:05:21.795Z] [ERROR] Request failed: GET /.well-known/appspecific/com.chrome.devtools.json {"requestId":"jv4d833b8","method":"GET","endpoint":"/.well-known/appspecific/com.chrome.devtools.json","statusCode":404,"responseTime":1}
[2025-10-15T20:05:33.896Z] [ERROR] Request failed: GET /live-chat {"requestId":"rcsqr5umk","method":"GET","endpoint":"/live-chat","statusCode":404,"responseTime":2}
[2025-10-15T20:06:24.060Z] [ERROR] Request failed: GET /about {"requestId":"0vce4tzzs","method":"GET","endpoint":"/about","statusCode":404,"responseTime":2}
[2025-10-15T20:06:30.478Z] [ERROR] Request failed: GET /support {"requestId":"g216v2b0y","method":"GET","endpoint":"/support","statusCode":404,"responseTime":2}
[2025-10-15T20:07:09.842Z] [ERROR] Request failed: GET /membership-benefits {"requestId":"i2ctmv28i","method":"GET","endpoint":"/membership-benefits","statusCode":404,"responseTime":2}
[2025-10-15T20:08:43.439Z] [ERROR] Request failed: GET /membership-benefits {"requestId":"72t2t5evn","method":"GET","endpoint":"/membership-benefits","statusCode":404,"responseTime":2}
[2025-10-15T20:08:48.941Z] [ERROR] Request failed: GET /loyalty-program {"requestId":"0kyzsps8i","method":"GET","endpoint":"/loyalty-program","statusCode":404,"responseTime":4}
[2025-10-15T20:08:54.791Z] [ERROR] Request failed: GET /live-chat {"requestId":"9efz05127","method":"GET","endpoint":"/live-chat","statusCode":404,"responseTime":2}
